GpsSetter/app/build/intermediates/manifest_merge_blame_file/release/manifest-merger-blame-release-report.txt
1<?xml version="1.0" encoding="utf-8"?>
2<manifest xmlns:android="http://schemas.android.com/apk/res/android"
3    package="com.android1500.gpssetter"
4    android:versionCode="1210"
5    android:versionName="1.2.10" >
6
7    <uses-sdk
8        android:minSdkVersion="27"
8-->src/main/AndroidManifest.xml
9        android:targetSdkVersion="33" />
9-->src/main/AndroidManifest.xml
10
11    <uses-permission android:name="android.permission.ACCESS_FINE_LOCATION" />
11-->src/main/AndroidManifest.xml:5:5-79
11-->src/main/AndroidManifest.xml:5:22-76
12    <uses-permission android:name="android.permission.ACCESS_NETWORK_STATE" />
12-->src/main/AndroidManifest.xml:6:5-79
12-->src/main/AndroidManifest.xml:6:22-76
13    <uses-permission android:name="android.permission.INTERNET" />
13-->src/main/AndroidManifest.xml:7:5-67
13-->src/main/AndroidManifest.xml:7:22-64
14    <uses-permission android:name="android.permission.READ_EXTERNAL_STORAGE" />
14-->src/main/AndroidManifest.xml:8:5-80
14-->src/main/AndroidManifest.xml:8:22-77
15    <uses-permission android:name="android.permission.REQUEST_INSTALL_PACKAGES" />
15-->src/main/AndroidManifest.xml:9:5-83
15-->src/main/AndroidManifest.xml:9:22-80
16
17    <uses-feature
17-->[com.google.android.gms:play-services-maps:18.1.0] AndroidManifest.xml:26:5-28:35
18        android:glEsVersion="0x00020000"
18-->[com.google.android.gms:play-services-maps:18.1.0] AndroidManifest.xml:27:9-41
19        android:required="true" />
19-->[com.google.android.gms:play-services-maps:18.1.0] AndroidManifest.xml:28:9-32
20
21    <queries>
21-->[com.google.android.gms:play-services-maps:18.1.0] AndroidManifest.xml:30:5-34:15
22
23        <!-- Needs to be explicitly declared on Android R+ -->
24        <package android:name="com.google.android.apps.maps" />
24-->[com.google.android.gms:play-services-maps:18.1.0] AndroidManifest.xml:33:9-64
24-->[com.google.android.gms:play-services-maps:18.1.0] AndroidManifest.xml:33:18-61
25    </queries>
26
27    <permission
27-->[androidx.core:core:1.9.0] AndroidManifest.xml:22:5-24:47
28        android:name="com.android1500.gpssetter.DYNAMIC_RECEIVER_NOT_EXPORTED_PERMISSION"
28-->[androidx.core:core:1.9.0] AndroidManifest.xml:23:9-81
29        android:protectionLevel="signature" />
29-->[androidx.core:core:1.9.0] AndroidManifest.xml:24:9-44
30
31    <uses-permission android:name="com.android1500.gpssetter.DYNAMIC_RECEIVER_NOT_EXPORTED_PERMISSION" />
31-->[androidx.core:core:1.9.0] AndroidManifest.xml:26:5-97
31-->[androidx.core:core:1.9.0] AndroidManifest.xml:26:22-94
32
33    <application
33-->src/main/AndroidManifest.xml:12:5-63:19
34        android:name="com.android1500.gpssetter.App"
34-->src/main/AndroidManifest.xml:13:9-28
35        android:allowBackup="true"
35-->src/main/AndroidManifest.xml:14:9-35
36        android:appComponentFactory="androidx.core.app.CoreComponentFactory"
36-->[androidx.core:core:1.9.0] AndroidManifest.xml:28:18-86
37        android:extractNativeLibs="false"
38        android:icon="@mipmap/ic_launcher"
38-->src/main/AndroidManifest.xml:15:9-43
39        android:label="@string/app_name"
39-->src/main/AndroidManifest.xml:16:9-41
40        android:roundIcon="@mipmap/ic_launcher"
40-->src/main/AndroidManifest.xml:17:9-48
41        android:supportsRtl="true"
41-->src/main/AndroidManifest.xml:18:9-35
42        android:theme="@style/Theme.GPSSetter" >
42-->src/main/AndroidManifest.xml:19:9-47
43        <activity
43-->src/main/AndroidManifest.xml:21:9-25:20
44            android:name="com.android1500.gpssetter.ui.SettingsActivity"
44-->src/main/AndroidManifest.xml:22:13-48
45            android:exported="false"
45-->src/main/AndroidManifest.xml:23:13-37
46            android:label="@string/title_activity_settings" >
46-->src/main/AndroidManifest.xml:24:13-60
47        </activity>
48        <activity
48-->src/main/AndroidManifest.xml:26:9-34:20
49            android:name="com.android1500.gpssetter.ui.MapActivity"
49-->src/main/AndroidManifest.xml:27:13-43
50            android:exported="true" >
50-->src/main/AndroidManifest.xml:28:13-36
51            <intent-filter>
51-->src/main/AndroidManifest.xml:29:13-33:29
52                <action android:name="android.intent.action.MAIN" />
52-->src/main/AndroidManifest.xml:30:17-69
52-->src/main/AndroidManifest.xml:30:25-66
53
54                <category android:name="android.intent.category.LAUNCHER" />
54-->src/main/AndroidManifest.xml:32:17-77
54-->src/main/AndroidManifest.xml:32:27-74
55            </intent-filter>
56        </activity>
57
58        <meta-data
59            android:name="com.google.android.geo.API_KEY"
59-->src/main/AndroidManifest.xml:38:13-58
60            android:value="AIzaSyA_Mv3-1Yq-0aAfoovi3oJMVJZLuuyTCxY" />
60-->src/main/AndroidManifest.xml:39:13-44
61
62        <provider
63            android:name="androidx.core.content.FileProvider"
63-->src/main/AndroidManifest.xml:42:13-62
64            android:authorities="com.android1500.gpssetter.provider"
64-->src/main/AndroidManifest.xml:43:13-60
65            android:exported="false"
65-->src/main/AndroidManifest.xml:44:13-37
66            android:grantUriPermissions="true" >
66-->src/main/AndroidManifest.xml:45:13-47
67            <meta-data
67-->src/main/AndroidManifest.xml:46:13-48:58
68                android:name="android.support.FILE_PROVIDER_PATHS"
68-->src/main/AndroidManifest.xml:47:17-67
69                android:resource="@xml/provider_paths" />
69-->src/main/AndroidManifest.xml:48:17-55
70        </provider>
71
72        <meta-data
72-->src/main/AndroidManifest.xml:51:9-53:36
73            android:name="xposedmodule"
73-->src/main/AndroidManifest.xml:52:13-40
74            android:value="true" />
74-->src/main/AndroidManifest.xml:53:13-33
75        <meta-data
75-->src/main/AndroidManifest.xml:54:9-56:51
76            android:name="xposeddescription"
76-->src/main/AndroidManifest.xml:55:13-45
77            android:value="@string/xposed_desc" />
77-->src/main/AndroidManifest.xml:56:13-48
78        <meta-data
78-->src/main/AndroidManifest.xml:57:9-59:34
79            android:name="xposedminversion"
79-->src/main/AndroidManifest.xml:58:13-44
80            android:value="93" />
80-->src/main/AndroidManifest.xml:59:13-31
81        <meta-data
81-->src/main/AndroidManifest.xml:60:9-62:36
82            android:name="xposedsharedprefs"
82-->src/main/AndroidManifest.xml:61:13-45
83            android:value="true" />
83-->src/main/AndroidManifest.xml:62:13-33
84        <!-- Needs to be explicitly declared on P+ -->
85        <uses-library
85-->[com.google.android.gms:play-services-maps:18.1.0] AndroidManifest.xml:39:9-41:40
86            android:name="org.apache.http.legacy"
86-->[com.google.android.gms:play-services-maps:18.1.0] AndroidManifest.xml:40:13-50
87            android:required="false" />
87-->[com.google.android.gms:play-services-maps:18.1.0] AndroidManifest.xml:41:13-37
88
89        <activity
89-->[com.google.android.gms:play-services-base:18.0.1] AndroidManifest.xml:20:9-22:45
90            android:name="com.google.android.gms.common.api.GoogleApiActivity"
90-->[com.google.android.gms:play-services-base:18.0.1] AndroidManifest.xml:20:19-85
91            android:exported="false"
91-->[com.google.android.gms:play-services-base:18.0.1] AndroidManifest.xml:22:19-43
92            android:theme="@android:style/Theme.Translucent.NoTitleBar" />
92-->[com.google.android.gms:play-services-base:18.0.1] AndroidManifest.xml:21:19-78
93
94        <meta-data
94-->[com.google.android.gms:play-services-basement:18.0.0] AndroidManifest.xml:21:9-23:69
95            android:name="com.google.android.gms.version"
95-->[com.google.android.gms:play-services-basement:18.0.0] AndroidManifest.xml:22:13-58
96            android:value="@integer/google_play_services_version" />
96-->[com.google.android.gms:play-services-basement:18.0.0] AndroidManifest.xml:23:13-66
97
98        <provider
98-->[androidx.emoji2:emoji2:1.2.0] AndroidManifest.xml:24:9-32:20
99            android:name="androidx.startup.InitializationProvider"
99-->[androidx.emoji2:emoji2:1.2.0] AndroidManifest.xml:25:13-67
100            android:authorities="com.android1500.gpssetter.androidx-startup"
100-->[androidx.emoji2:emoji2:1.2.0] AndroidManifest.xml:26:13-68
101            android:exported="false" >
101-->[androidx.emoji2:emoji2:1.2.0] AndroidManifest.xml:27:13-37
102            <meta-data
102-->[androidx.emoji2:emoji2:1.2.0] AndroidManifest.xml:29:13-31:52
103                android:name="androidx.emoji2.text.EmojiCompatInitializer"
103-->[androidx.emoji2:emoji2:1.2.0] AndroidManifest.xml:30:17-75
104                android:value="androidx.startup" />
104-->[androidx.emoji2:emoji2:1.2.0] AndroidManifest.xml:31:17-49
105            <meta-data
105-->[androidx.lifecycle:lifecycle-process:2.4.1] AndroidManifest.xml:31:13-33:52
106                android:name="androidx.lifecycle.ProcessLifecycleInitializer"
106-->[androidx.lifecycle:lifecycle-process:2.4.1] AndroidManifest.xml:32:17-78
107                android:value="androidx.startup" />
107-->[androidx.lifecycle:lifecycle-process:2.4.1] AndroidManifest.xml:33:17-49
108        </provider>
109
110        <uses-library
110-->[androidx.window:window:1.0.0] AndroidManifest.xml:25:9-27:40
111            android:name="androidx.window.extensions"
111-->[androidx.window:window:1.0.0] AndroidManifest.xml:26:13-54
112            android:required="false" />
112-->[androidx.window:window:1.0.0] AndroidManifest.xml:27:13-37
113        <uses-library
113-->[androidx.window:window:1.0.0] AndroidManifest.xml:28:9-30:40
114            android:name="androidx.window.sidecar"
114-->[androidx.window:window:1.0.0] AndroidManifest.xml:29:13-51
115            android:required="false" />
115-->[androidx.window:window:1.0.0] AndroidManifest.xml:30:13-37
116
117        <service
117-->[androidx.room:room-runtime:2.5.0-beta01] AndroidManifest.xml:24:9-28:63
118            android:name="androidx.room.MultiInstanceInvalidationService"
118-->[androidx.room:room-runtime:2.5.0-beta01] AndroidManifest.xml:25:13-74
119            android:directBootAware="true"
119-->[androidx.room:room-runtime:2.5.0-beta01] AndroidManifest.xml:26:13-43
120            android:exported="false" />
120-->[androidx.room:room-runtime:2.5.0-beta01] AndroidManifest.xml:27:13-37
121    </application>
122
123</manifest>